 
****************************************
Report : area
Design : SME
Version: Q-2019.12
Date   : Thu May 21 16:32:32 2026
****************************************

Library(s) Used:

    slow (File: /usr/cad/designkit/CBDK_IC_Contest_v2.1/SynopsysDC/db/slow.db)

Number of ports:                           19
Number of nets:                          1919
Number of cells:                         1684
Number of combinational cells:           1298
Number of sequential cells:               386
Number of macros/black boxes:               0
Number of buf/inv:                        210
Number of references:                      69

Combinational area:              11564.386256
Buf/Inv area:                     1235.707175
Noncombinational area:           12431.757217
Macro/Black Box area:                0.000000
Net Interconnect area:          250461.282043

Total cell area:                 23996.143473
Total area:                     274457.425517
1
