 
****************************************
Report : timing
        -path full
        -delay max
        -max_paths 1
Design : huffman
Version: Q-2019.12
Date   : Sat May 16 22:53:53 2026
****************************************

Operating Conditions: slow   Library: slow
Wire Load Model Mode: top

  Startpoint: A__reg[1][1]
              (rising edge-triggered flip-flop clocked by clk)
  Endpoint: I__reg[5][14]
            (rising edge-triggered flip-flop clocked by clk)
  Path Group: clk
  Path Type: max

  Des/Clust/Port     Wire Load Model       Library
  ------------------------------------------------
  huffman            tsmc13_wl10           slow

  Point                                    Incr       Path
  -----------------------------------------------------------
  clock clk (rise edge)                    0.00       0.00
  clock network delay (ideal)              0.50       0.50
  A__reg[1][1]/CK (DFFRX4)                 0.00       0.50 r
  A__reg[1][1]/QN (DFFRX4)                 0.33       0.83 r
  U4275/Y (INVX8)                          0.07       0.91 f
  U4274/Y (INVX12)                         0.06       0.96 r
  U4249/Y (OR2X8)                          0.12       1.08 r
  U3292/Y (NAND3X8)                        0.08       1.16 f
  U3291/Y (NAND3X8)                        0.08       1.24 r
  U4353/Y (NAND3X8)                        0.09       1.33 f
  U4163/Y (NAND4X8)                        0.12       1.45 r
  U4231/Y (BUFX20)                         0.16       1.61 r
  U4771/Y (MXI2X4)                         0.17       1.78 r
  U4399/Y (NOR2X6)                         0.10       1.89 f
  U4397/Y (AOI22X4)                        0.16       2.05 r
  U6900/Y (AOI22X4)                        0.15       2.20 f
  U4395/Y (NAND2X8)                        0.14       2.34 r
  U4337/Y (NAND3X8)                        0.11       2.45 f
  U3301/Y (BUFX12)                         0.15       2.60 f
  U4665/Y (OR2X8)                          0.16       2.76 f
  U4606/Y (CLKAND2X12)                     0.11       2.87 f
  U5497/Y (AOI211X2)                       0.20       3.07 r
  U6960/Y (OAI2BB1X4)                      0.19       3.27 r
  U4383/Y (AOI2BB1X4)                      0.19       3.46 r
  U4134/Y (NOR2X8)                         0.10       3.56 f
  U3278/Y (INVX20)                         0.08       3.64 r
  U3304/Y (INVX20)                         0.05       3.69 f
  U6828/Y (MXI2X4)                         0.19       3.88 r
  U5290/Y (AOI211X2)                       0.18       4.06 f
  U4408/Y (AO21X4)                         0.25       4.31 f
  U4301/Y (AOI2BB2X4)                      0.14       4.45 r
  U4300/Y (AND3X8)                         0.20       4.65 r
  U3084/Y (INVX20)                         0.06       4.71 f
  U4092/Y (INVX20)                         0.07       4.78 r
  U3051/Y (MXI2X4)                         0.20       4.98 f
  U4425/Y (OAI21X4)                        0.19       5.17 r
  U4426/Y (OAI21X4)                        0.11       5.28 f
  U3183/Y (AOI2BB2X4)                      0.17       5.45 r
  U4201/Y (NAND3X8)                        0.13       5.58 f
  U3310/Y (INVX20)                         0.11       5.69 r
  U3883/Y (CLKMX2X12)                      0.35       6.04 f
  U6968/Y (INVX16)                         0.07       6.11 r
  U3116/Y (NAND2X8)                        0.06       6.16 f
  U6856/Y (AOI21X4)                        0.13       6.30 r
  U6857/Y (AOI2BB2X4)                      0.18       6.48 r
  U6837/Y (NAND3X8)                        0.16       6.64 f
  U4377/Y (INVX12)                         0.11       6.75 r
  U4174/Y (CLKMX2X6)                       0.21       6.96 r
  U3030/Y (CLKINVX8)                       0.10       7.06 f
  U3029/Y (NAND2X8)                        0.10       7.16 r
  U3279/Y (CLKINVX8)                       0.07       7.22 f
  U6965/Y (AOI21X4)                        0.11       7.34 r
  U4401/Y (AOI211X2)                       0.14       7.47 f
  U4212/Y (NAND4BX4)                       0.20       7.68 f
  U4081/Y (INVX8)                          0.12       7.79 r
  U2958/Y (MX2X6)                          0.29       8.09 f
  U4209/Y (OAI211X2)                       0.27       8.36 r
  U4287/Y (NAND3X4)                        0.15       8.51 f
  U4364/Y (NAND3X6)                        0.11       8.62 r
  U4365/Y (NAND3X8)                        0.11       8.73 f
  U4403/Y (INVX20)                         0.11       8.84 r
  U2881/Y (MXI2X4)                         0.22       9.06 r
  U3270/Y (INVX8)                          0.12       9.18 f
  U4439/Y (AOI211X2)                       0.26       9.44 r
  U3400/Y (INVX4)                          0.11       9.55 f
  U4813/Y (NAND3X6)                        0.08       9.63 r
  U4082/Y (NAND3X6)                        0.10       9.73 f
  U5041/Y (NAND2X8)                        0.10       9.83 r
  U3687/Y (INVX16)                         0.06       9.90 f
  U5190/Y (AOI21X4)                        0.15      10.05 r
  U3070/Y (BUFX20)                         0.15      10.20 r
  U3083/Y (INVX16)                         0.04      10.24 f
  U5187/Y (OAI2BB2X4)                      0.11      10.35 r
  U3091/Y (CLKMX2X4)                       0.18      10.53 r
  I__reg[5][14]/D (DFFHQX4)                0.00      10.53 r
  data arrival time                                  10.53

  clock clk (rise edge)                   10.00      10.00
  clock network delay (ideal)              0.50      10.50
  clock uncertainty                       -0.10      10.40
  I__reg[5][14]/CK (DFFHQX4)               0.00      10.40 r
  library setup time                      -0.12      10.28
  data required time                                 10.28
  -----------------------------------------------------------
  data required time                                 10.28
  data arrival time                                 -10.53
  -----------------------------------------------------------
  slack (VIOLATED)                                   -0.26


1
